#
# There is insufficient memory for the Java Runtime Environment to continue.
# Native memory allocation (mmap) failed to map 20971520 bytes for Failed to commit area from 0x00000000a7c00000 to 0x00000000a9000000 of length 20971520.
# Possible reasons:
#   The system is out of physical RAM or swap space
#   The process is running with CompressedOops enabled, and the Java Heap may be blocking the growth of the native heap
# Possible solutions:
#   Reduce memory load on the system
#   Increase physical memory or swap space
#   Check if swap backing store is full
#   Decrease Java heap size (-Xmx/-Xms)
#   Decrease number of Java threads
#   Decrease Java thread stack sizes (-Xss)
#   Set larger code cache with -XX:ReservedCodeCacheSize=
#   JVM is running with Unscaled Compressed Oops mode in which the Java heap is
#     placed in the first 4GB address space. The Java Heap base address is the
#     maximum limit for the native heap growth. Please use -XX:HeapBaseMinAddress
#     to set the Java Heap base and to place the Java Heap above 4GB virtual address.
# This output file may be truncated or incomplete.
#
#  Out of Memory Error (t:/workspace/open/src/hotspot/os/windows/os_windows.cpp:3254), pid=15592, tid=15004
#
# JRE version: Java(TM) SE Runtime Environment (12.0.1+12) (build 12.0.1+12)
# Java VM: Java HotSpot(TM) 64-Bit Server VM (12.0.1+12, mixed mode, sharing, tiered, compressed oops, g1 gc, windows-amd64)
# No core dump will be written. Minidumps are not enabled by default on client versions of Windows
#

---------------  S U M M A R Y ------------

Command Line: -javaagent:C:\Program Files\JetBrains\IntelliJ IDEA 2019.2.2\lib\idea_rt.jar=64794:C:\Program Files\JetBrains\IntelliJ IDEA 2019.2.2\bin -Dfile.encoding=UTF-8 tp1.Main

Host: Intel(R) Core(TM) i5-7200U CPU @ 2.50GHz, 4 cores, 5G,  Windows 10 , 64 bit Build 17134 (10.0.17134.753)
Time: Thu Sep 19 15:20:37 2019 Est (heure d?été) elapsed time: 2 seconds (0d 0h 0m 2s)

---------------  T H R E A D  ---------------

Current thread (0x000002c6205a9800):  VMThread "VM Thread" [stack: 0x000000e792000000,0x000000e792100000] [id=15004]

Stack: [0x000000e792000000,0x000000e792100000]
[error occurred during error reporting (printing stack bounds), id 0xc0000005, EXCEPTION_ACCESS_VIOLATION (0xc0000005) at pc=0x000002c60b8f0bad]

Native frames: (J=compiled Java code, j=interpreted, Vv=VM code, C=native code)
V  [jvm.dll+0x63948a]
V  [jvm.dll+0x78b31f]
V  [jvm.dll+0x78c9c1]
V  [jvm.dll+0x78cf75]
V  [jvm.dll+0x78cf2b]
V  [jvm.dll+0x638b84]
V  [jvm.dll+0x638f58]
C  [ntdll.dll+0x9f7dd]
C  [ntdll.dll+0xd856]
C  [ntdll.dll+0x9e70e]
C  0x000002c60b8f0bad

VM_Operation (0x000000e791afe620): G1CollectForAllocation, mode: safepoint, requested by thread 0x000002c6034ef000


---------------  P R O C E S S  ---------------

Threads class SMR info:
_java_thread_list=0x000002c621579de0, length=12, elements={
0x000002c6034ef000, 0x000002c6205ad800, 0x000002c6205ae800, 0x000002c6205c6800,
0x000002c6205c8000, 0x000002c6205ca000, 0x000002c620618000, 0x000002c620f6c800,
0x000002c62059e000, 0x000002c621281000, 0x000002c621282000, 0x000002c6217a2000
}

Java Threads: ( => current thread )
  0x000002c6034ef000 JavaThread "main" [_thread_blocked, id=15792, stack(0x000000e791a00000,0x000000e791b00000)]
  0x000002c6205ad800 JavaThread "Reference Handler" daemon [_thread_blocked, id=16012, stack(0x000000e792100000,0x000000e792200000)]
  0x000002c6205ae800 JavaThread "Finalizer" daemon [_thread_blocked, id=7292, stack(0x000000e792200000,0x000000e792300000)]
  0x000002c6205c6800 JavaThread "Signal Dispatcher" daemon [_thread_blocked, id=11824, stack(0x000000e792300000,0x000000e792400000)]
  0x000002c6205c8000 JavaThread "Attach Listener" daemon [_thread_blocked, id=13112, stack(0x000000e792400000,0x000000e792500000)]
  0x000002c6205ca000 JavaThread "C2 CompilerThread0" daemon [_thread_blocked, id=17132, stack(0x000000e792500000,0x000000e792600000)]
  0x000002c620618000 JavaThread "C1 CompilerThread0" daemon [_thread_blocked, id=13936, stack(0x000000e792600000,0x000000e792700000)]
  0x000002c620f6c800 JavaThread "Sweeper thread" daemon [_thread_blocked, id=16996, stack(0x000000e792700000,0x000000e792800000)]
  0x000002c62059e000 JavaThread "Common-Cleaner" daemon [_thread_blocked, id=16568, stack(0x000000e792800000,0x000000e792900000)]
  0x000002c621281000 JavaThread "Monitor Ctrl-Break" daemon [_thread_in_native, id=6748, stack(0x000000e792900000,0x000000e792a00000)]
  0x000002c621282000 JavaThread "Service Thread" daemon [_thread_blocked, id=13868, stack(0x000000e792a00000,0x000000e792b00000)]
  0x000002c6217a2000 JavaThread "C2 CompilerThread1" daemon [_thread_blocked, id=1256, stack(0x000000e792d00000,0x000000e792e00000)]

Other Threads:
=>0x000002c6205a9800 VMThread "VM Thread" [stack: 0x000000e792000000,0x000000e792100000] [id=15004]
  0x000002c621291800 WatcherThread [stack: 0x000000e792b00000,0x000000e792c00000] [id=15052]
  0x000002c603525800 GCTaskThread "GC Thread#0" [stack: 0x000000e791b00000,0x000000e791c00000] [id=11424]
  0x000002c621584000 GCTaskThread "GC Thread#1" [stack: 0x000000e792c00000,0x000000e792d00000] [id=15604]
  0x000002c603531000 ConcurrentGCThread "G1 Main Marker" [stack: 0x000000e791c00000,0x000000e791d00000] [id=3132]
  0x000002c603534000 ConcurrentGCThread "G1 Conc#0" [stack: 0x000000e791d00000,0x000000e791e00000] [id=12676]
  0x000002c6035aa800 ConcurrentGCThread "G1 Refine#0" [stack: 0x000000e791e00000,0x000000e791f00000] [id=14100]
  0x000002c6035ab800 ConcurrentGCThread "G1 Young RemSet Sampling" [stack: 0x000000e791f00000,0x000000e792000000] [id=8900]

Threads with active compile tasks:
C2 CompilerThread0   979       4       tp1.Point2d::rotate (168 bytes)

VM state:at safepoint (normal execution)

VM Mutex/Monitor currently owned by a thread:  ([mutex/lock_event])
[0x000002c6034eaf10] Threads_lock - owner thread: 0x000002c6205a9800
[0x000002c6034eadf0] Heap_lock - owner thread: 0x000002c6034ef000

Heap address: 0x00000000a1c00000, size: 1508 MB, Compressed Oops mode: 32-bit
Narrow klass base: 0x0000000800000000, Narrow klass shift: 3
Compressed class space size: 1073741824 Address: 0x00000008011a0000

Heap:
 garbage-first heap   total 118784K, used 9960K [0x00000000a1c00000, 0x0000000100000000)
  region size 1024K, 5 young (5120K), 5 survivors (5120K)
 Metaspace       used 3024K, capacity 5725K, committed 5760K, reserved 1056768K
  class space    used 311K, capacity 610K, committed 640K, reserved 1048576K
Heap Regions: E=young(eden), S=young(survivor), O=old, HS=humongous(starts), HC=humongous(continues), CS=collection set, F=free, A=archive, TAMS=top-at-mark-start (previous, next)
|   0|0x00000000a1c00000, 0x00000000a1d00000, 0x00000000a1d00000|100%| O|  |TAMS 0x00000000a1c00000, 0x00000000a1c00000| Untracked 
|   1|0x00000000a1d00000, 0x00000000a1e00000, 0x00000000a1e00000|100%| O|  |TAMS 0x00000000a1d00000, 0x00000000a1d00000| Untracked 
|   2|0x00000000a1e00000, 0x00000000a1f00000, 0x00000000a1f00000|100%| O|  |TAMS 0x00000000a1e00000, 0x00000000a1e00000| Untracked 
|   3|0x00000000a1f00000, 0x00000000a2000000, 0x00000000a2000000|100%| O|  |TAMS 0x00000000a1f00000, 0x00000000a1f00000| Untracked 
|   4|0x00000000a2000000, 0x00000000a2100000, 0x00000000a2100000|100%| O|  |TAMS 0x00000000a2000000, 0x00000000a2000000| Untracked 
|   5|0x00000000a2100000, 0x00000000a213e200, 0x00000000a2200000| 24%| O|  |TAMS 0x00000000a2100000, 0x00000000a2100000| Untracked 
|   6|0x00000000a2200000, 0x00000000a2200000, 0x00000000a2300000|  0%| F|  |TAMS 0x00000000a2200000, 0x00000000a2200000| Untracked 
|   7|0x00000000a2300000, 0x00000000a2300000, 0x00000000a2400000|  0%| F|  |TAMS 0x00000000a2300000, 0x00000000a2300000| Untracked 
|   8|0x00000000a2400000, 0x00000000a2400000, 0x00000000a2500000|  0%| F|  |TAMS 0x00000000a2400000, 0x00000000a2400000| Untracked 
|   9|0x00000000a2500000, 0x00000000a2500000, 0x00000000a2600000|  0%| F|  |TAMS 0x00000000a2500000, 0x00000000a2500000| Untracked 
|  10|0x00000000a2600000, 0x00000000a2600000, 0x00000000a2700000|  0%| F|  |TAMS 0x00000000a2600000, 0x00000000a2600000| Untracked 
|  11|0x00000000a2700000, 0x00000000a2700000, 0x00000000a2800000|  0%| F|  |TAMS 0x00000000a2700000, 0x00000000a2700000| Untracked 
|  12|0x00000000a2800000, 0x00000000a2800000, 0x00000000a2900000|  0%| F|  |TAMS 0x00000000a2800000, 0x00000000a2800000| Untracked 
|  13|0x00000000a2900000, 0x00000000a2900000, 0x00000000a2a00000|  0%| F|  |TAMS 0x00000000a2900000, 0x00000000a2900000| Untracked 
|  14|0x00000000a2a00000, 0x00000000a2a00000, 0x00000000a2b00000|  0%| F|  |TAMS 0x00000000a2a00000, 0x00000000a2a00000| Untracked 
|  15|0x00000000a2b00000, 0x00000000a2b00000, 0x00000000a2c00000|  0%| F|  |TAMS 0x00000000a2b00000, 0x00000000a2b00000| Untracked 
|  16|0x00000000a2c00000, 0x00000000a2c00000, 0x00000000a2d00000|  0%| F|  |TAMS 0x00000000a2c00000, 0x00000000a2c00000| Untracked 
|  17|0x00000000a2d00000, 0x00000000a2d00000, 0x00000000a2e00000|  0%| F|  |TAMS 0x00000000a2d00000, 0x00000000a2d00000| Untracked 
|  18|0x00000000a2e00000, 0x00000000a2e00000, 0x00000000a2f00000|  0%| F|  |TAMS 0x00000000a2e00000, 0x00000000a2e00000| Untracked 
|  19|0x00000000a2f00000, 0x00000000a2f00000, 0x00000000a3000000|  0%| F|  |TAMS 0x00000000a2f00000, 0x00000000a2f00000| Untracked 
|  20|0x00000000a3000000, 0x00000000a3000000, 0x00000000a3100000|  0%| F|  |TAMS 0x00000000a3000000, 0x00000000a3000000| Untracked 
|  21|0x00000000a3100000, 0x00000000a3100000, 0x00000000a3200000|  0%| F|  |TAMS 0x00000000a3100000, 0x00000000a3100000| Untracked 
|  22|0x00000000a3200000, 0x00000000a3200000, 0x00000000a3300000|  0%| F|  |TAMS 0x00000000a3200000, 0x00000000a3200000| Untracked 
|  23|0x00000000a3300000, 0x00000000a3300000, 0x00000000a3400000|  0%| F|  |TAMS 0x00000000a3300000, 0x00000000a3300000| Untracked 
|  24|0x00000000a3400000, 0x00000000a3400000, 0x00000000a3500000|  0%| F|  |TAMS 0x00000000a3400000, 0x00000000a3400000| Untracked 
|  25|0x00000000a3500000, 0x00000000a3500000, 0x00000000a3600000|  0%| F|  |TAMS 0x00000000a3500000, 0x00000000a3500000| Untracked 
|  26|0x00000000a3600000, 0x00000000a3600000, 0x00000000a3700000|  0%| F|  |TAMS 0x00000000a3600000, 0x00000000a3600000| Untracked 
|  27|0x00000000a3700000, 0x00000000a3700000, 0x00000000a3800000|  0%| F|  |TAMS 0x00000000a3700000, 0x00000000a3700000| Untracked 
|  28|0x00000000a3800000, 0x00000000a3800000, 0x00000000a3900000|  0%| F|  |TAMS 0x00000000a3800000, 0x00000000a3800000| Untracked 
|  29|0x00000000a3900000, 0x00000000a3900000, 0x00000000a3a00000|  0%| F|  |TAMS 0x00000000a3900000, 0x00000000a3900000| Untracked 
|  30|0x00000000a3a00000, 0x00000000a3a00000, 0x00000000a3b00000|  0%| F|  |TAMS 0x00000000a3a00000, 0x00000000a3a00000| Untracked 
|  31|0x00000000a3b00000, 0x00000000a3b00000, 0x00000000a3c00000|  0%| F|  |TAMS 0x00000000a3b00000, 0x00000000a3b00000| Untracked 
|  32|0x00000000a3c00000, 0x00000000a3c00000, 0x00000000a3d00000|  0%| F|  |TAMS 0x00000000a3c00000, 0x00000000a3c00000| Untracked 
|  33|0x00000000a3d00000, 0x00000000a3d00000, 0x00000000a3e00000|  0%| F|  |TAMS 0x00000000a3d00000, 0x00000000a3d00000| Untracked 
|  34|0x00000000a3e00000, 0x00000000a3e00000, 0x00000000a3f00000|  0%| F|  |TAMS 0x00000000a3e00000, 0x00000000a3e00000| Untracked 
|  35|0x00000000a3f00000, 0x00000000a3f00000, 0x00000000a4000000|  0%| F|  |TAMS 0x00000000a3f00000, 0x00000000a3f00000| Untracked 
|  36|0x00000000a4000000, 0x00000000a407c010, 0x00000000a4100000| 48%| S|CS|TAMS 0x00000000a4000000, 0x00000000a4000000| Complete 
|  37|0x00000000a4100000, 0x00000000a4200000, 0x00000000a4200000|100%| S|CS|TAMS 0x00000000a4100000, 0x00000000a4100000| Complete 
|  38|0x00000000a4200000, 0x00000000a4300000, 0x00000000a4300000|100%| S|CS|TAMS 0x00000000a4200000, 0x00000000a4200000| Complete 
|  39|0x00000000a4300000, 0x00000000a4300000, 0x00000000a4400000|  0%| F|  |TAMS 0x00000000a4300000, 0x00000000a4300000| Untracked 
|  40|0x00000000a4400000, 0x00000000a4400000, 0x00000000a4500000|  0%| F|  |TAMS 0x00000000a4400000, 0x00000000a4400000| Untracked 
|  41|0x00000000a4500000, 0x00000000a4500000, 0x00000000a4600000|  0%| F|  |TAMS 0x00000000a4500000, 0x00000000a4500000| Untracked 
|  42|0x00000000a4600000, 0x00000000a4600000, 0x00000000a4700000|  0%| F|  |TAMS 0x00000000a4600000, 0x00000000a4600000| Untracked 
|  43|0x00000000a4700000, 0x00000000a4800000, 0x00000000a4800000|100%| S|CS|TAMS 0x00000000a4700000, 0x00000000a4700000| Complete 
|  44|0x00000000a4800000, 0x00000000a4900000, 0x00000000a4900000|100%| S|CS|TAMS 0x00000000a4800000, 0x00000000a4800000| Complete 
|  45|0x00000000a4900000, 0x00000000a4900000, 0x00000000a4a00000|  0%| F|  |TAMS 0x00000000a4900000, 0x00000000a4900000| Untracked 
|  46|0x00000000a4a00000, 0x00000000a4a00000, 0x00000000a4b00000|  0%| F|  |TAMS 0x00000000a4a00000, 0x00000000a4a00000| Untracked 
|  47|0x00000000a4b00000, 0x00000000a4b00000, 0x00000000a4c00000|  0%| F|  |TAMS 0x00000000a4b00000, 0x00000000a4b00000| Untracked 
|  48|0x00000000a4c00000, 0x00000000a4c00000, 0x00000000a4d00000|  0%| F|  |TAMS 0x00000000a4c00000, 0x00000000a4c00000| Untracked 
|  49|0x00000000a4d00000, 0x00000000a4d00000, 0x00000000a4e00000|  0%| F|  |TAMS 0x00000000a4d00000, 0x00000000a4d00000| Untracked 
|  50|0x00000000a4e00000, 0x00000000a4e00000, 0x00000000a4f00000|  0%| F|  |TAMS 0x00000000a4e00000, 0x00000000a4e00000| Untracked 
|  51|0x00000000a4f00000, 0x00000000a4f00000, 0x00000000a5000000|  0%| F|  |TAMS 0x00000000a4f00000, 0x00000000a4f00000| Untracked 
|  52|0x00000000a5000000, 0x00000000a5000000, 0x00000000a5100000|  0%| F|  |TAMS 0x00000000a5000000, 0x00000000a5000000| Untracked 
|  53|0x00000000a5100000, 0x00000000a5100000, 0x00000000a5200000|  0%| F|  |TAMS 0x00000000a5100000, 0x00000000a5100000| Untracked 
|  54|0x00000000a5200000, 0x00000000a5200000, 0x00000000a5300000|  0%| F|  |TAMS 0x00000000a5200000, 0x00000000a5200000| Untracked 
|  55|0x00000000a5300000, 0x00000000a5300000, 0x00000000a5400000|  0%| F|  |TAMS 0x00000000a5300000, 0x00000000a5300000| Untracked 
|  56|0x00000000a5400000, 0x00000000a5400000, 0x00000000a5500000|  0%| F|  |TAMS 0x00000000a5400000, 0x00000000a5400000| Untracked 
|  57|0x00000000a5500000, 0x00000000a5500000, 0x00000000a5600000|  0%| F|  |TAMS 0x00000000a5500000, 0x00000000a5500000| Untracked 
|  58|0x00000000a5600000, 0x00000000a5600000, 0x00000000a5700000|  0%| F|  |TAMS 0x00000000a5600000, 0x00000000a5600000| Untracked 
|  59|0x00000000a5700000, 0x00000000a5700000, 0x00000000a5800000|  0%| F|  |TAMS 0x00000000a5700000, 0x00000000a5700000| Untracked 
|  60|0x00000000a5800000, 0x00000000a5800000, 0x00000000a5900000|  0%| F|  |TAMS 0x00000000a5800000, 0x00000000a5800000| Untracked 
|  61|0x00000000a5900000, 0x00000000a5900000, 0x00000000a5a00000|  0%| F|  |TAMS 0x00000000a5900000, 0x00000000a5900000| Untracked 
|  62|0x00000000a5a00000, 0x00000000a5a00000, 0x00000000a5b00000|  0%| F|  |TAMS 0x00000000a5a00000, 0x00000000a5a00000| Untracked 
|  63|0x00000000a5b00000, 0x00000000a5b00000, 0x00000000a5c00000|  0%| F|  |TAMS 0x00000000a5b00000, 0x00000000a5b00000| Untracked 
|  64|0x00000000a5c00000, 0x00000000a5c00000, 0x00000000a5d00000|  0%| F|  |TAMS 0x00000000a5c00000, 0x00000000a5c00000| Untracked 
|  65|0x00000000a5d00000, 0x00000000a5d00000, 0x00000000a5e00000|  0%| F|  |TAMS 0x00000000a5d00000, 0x00000000a5d00000| Untracked 
|  66|0x00000000a5e00000, 0x00000000a5e00000, 0x00000000a5f00000|  0%| F|  |TAMS 0x00000000a5e00000, 0x00000000a5e00000| Untracked 
|  67|0x00000000a5f00000, 0x00000000a5f00000, 0x00000000a6000000|  0%| F|  |TAMS 0x00000000a5f00000, 0x00000000a5f00000| Untracked 
|  68|0x00000000a6000000, 0x00000000a6000000, 0x00000000a6100000|  0%| F|  |TAMS 0x00000000a6000000, 0x00000000a6000000| Untracked 
|  69|0x00000000a6100000, 0x00000000a6100000, 0x00000000a6200000|  0%| F|  |TAMS 0x00000000a6100000, 0x00000000a6100000| Untracked 
|  70|0x00000000a6200000, 0x00000000a6200000, 0x00000000a6300000|  0%| F|  |TAMS 0x00000000a6200000, 0x00000000a6200000| Untracked 
|  71|0x00000000a6300000, 0x00000000a6300000, 0x00000000a6400000|  0%| F|  |TAMS 0x00000000a6300000, 0x00000000a6300000| Untracked 
|  72|0x00000000a6400000, 0x00000000a6400000, 0x00000000a6500000|  0%| F|  |TAMS 0x00000000a6400000, 0x00000000a6400000| Untracked 
|  73|0x00000000a6500000, 0x00000000a6500000, 0x00000000a6600000|  0%| F|  |TAMS 0x00000000a6500000, 0x00000000a6500000| Untracked 
|  74|0x00000000a6600000, 0x00000000a6600000, 0x00000000a6700000|  0%| F|  |TAMS 0x00000000a6600000, 0x00000000a6600000| Untracked 
|  75|0x00000000a6700000, 0x00000000a6700000, 0x00000000a6800000|  0%| F|  |TAMS 0x00000000a6700000, 0x00000000a6700000| Untracked 
|  76|0x00000000a6800000, 0x00000000a6800000, 0x00000000a6900000|  0%| F|  |TAMS 0x00000000a6800000, 0x00000000a6800000| Untracked 
|  77|0x00000000a6900000, 0x00000000a6900000, 0x00000000a6a00000|  0%| F|  |TAMS 0x00000000a6900000, 0x00000000a6900000| Untracked 
|  78|0x00000000a6a00000, 0x00000000a6a00000, 0x00000000a6b00000|  0%| F|  |TAMS 0x00000000a6a00000, 0x00000000a6a00000| Untracked 
|  79|0x00000000a6b00000, 0x00000000a6b00000, 0x00000000a6c00000|  0%| F|  |TAMS 0x00000000a6b00000, 0x00000000a6b00000| Untracked 
|  80|0x00000000a6c00000, 0x00000000a6c00000, 0x00000000a6d00000|  0%| F|  |TAMS 0x00000000a6c00000, 0x00000000a6c00000| Untracked 
|  81|0x00000000a6d00000, 0x00000000a6d00000, 0x00000000a6e00000|  0%| F|  |TAMS 0x00000000a6d00000, 0x00000000a6d00000| Untracked 
|  82|0x00000000a6e00000, 0x00000000a6e00000, 0x00000000a6f00000|  0%| F|  |TAMS 0x00000000a6e00000, 0x00000000a6e00000| Untracked 
|  83|0x00000000a6f00000, 0x00000000a6f00000, 0x00000000a7000000|  0%| F|  |TAMS 0x00000000a6f00000, 0x00000000a6f00000| Untracked 
|  84|0x00000000a7000000, 0x00000000a7000000, 0x00000000a7100000|  0%| F|  |TAMS 0x00000000a7000000, 0x00000000a7000000| Untracked 
|  85|0x00000000a7100000, 0x00000000a7100000, 0x00000000a7200000|  0%| F|  |TAMS 0x00000000a7100000, 0x00000000a7100000| Untracked 
|  86|0x00000000a7200000, 0x00000000a7200000, 0x00000000a7300000|  0%| F|  |TAMS 0x00000000a7200000, 0x00000000a7200000| Untracked 
|  87|0x00000000a7300000, 0x00000000a7300000, 0x00000000a7400000|  0%| F|  |TAMS 0x00000000a7300000, 0x00000000a7300000| Untracked 
|  88|0x00000000a7400000, 0x00000000a7400000, 0x00000000a7500000|  0%| F|  |TAMS 0x00000000a7400000, 0x00000000a7400000| Untracked 
|  89|0x00000000a7500000, 0x00000000a7500000, 0x00000000a7600000|  0%| F|  |TAMS 0x00000000a7500000, 0x00000000a7500000| Untracked 
|  90|0x00000000a7600000, 0x00000000a7600000, 0x00000000a7700000|  0%| F|  |TAMS 0x00000000a7600000, 0x00000000a7600000| Untracked 
|  91|0x00000000a7700000, 0x00000000a7700000, 0x00000000a7800000|  0%| F|  |TAMS 0x00000000a7700000, 0x00000000a7700000| Untracked 
|  92|0x00000000a7800000, 0x00000000a7800000, 0x00000000a7900000|  0%| F|  |TAMS 0x00000000a7800000, 0x00000000a7800000| Untracked 
|  93|0x00000000a7900000, 0x00000000a7900000, 0x00000000a7a00000|  0%| F|  |TAMS 0x00000000a7900000, 0x00000000a7900000| Untracked 
|  94|0x00000000a7a00000, 0x00000000a7a00000, 0x00000000a7b00000|  0%| F|  |TAMS 0x00000000a7a00000, 0x00000000a7a00000| Untracked 
|  95|0x00000000a7b00000, 0x00000000a7b00000, 0x00000000a7c00000|  0%| F|  |TAMS 0x00000000a7b00000, 0x00000000a7b00000| Untracked 

Card table byte_map: [0x000002c61abf0000,0x000002c61aef0000] _byte_map_base: 0x000002c61a6e2000

Marking Bits (Prev, Next): (CMBitMap*) 0x000002c603526548, (CMBitMap*) 0x000002c603526588
 Prev Bits: [0x000002c61b1f0000, 0x000002c61c980000)
 Next Bits: [0x000002c61c980000, 0x000002c61e110000)

Polling page: 0x000002c601360000

Metaspace:

Usage:
  Non-class:      5.00 MB capacity,     2.65 MB ( 53%) used,     2.33 MB ( 47%) free+waste,    11.44 KB ( <1%) overhead. 
      Class:    610.00 KB capacity,   311.45 KB ( 51%) used,   292.43 KB ( 48%) free+waste,     6.13 KB (  1%) overhead. 
       Both:      5.59 MB capacity,     2.95 MB ( 53%) used,     2.62 MB ( 47%) free+waste,    17.56 KB ( <1%) overhead. 

Virtual space:
  Non-class space:        8.00 MB reserved,       5.00 MB ( 63%) committed 
      Class space:        1.00 GB reserved,     640.00 KB ( <1%) committed 
             Both:        1.01 GB reserved,       5.63 MB ( <1%) committed 

Chunk freelists:
   Non-Class:  640 bytes
       Class:  3.75 KB
        Both:  4.38 KB

CodeHeap 'non-profiled nmethods': size=120064Kb used=410Kb max_used=410Kb free=119654Kb
 bounds [0x000002c6133b0000, 0x000002c613620000, 0x000002c61a8f0000]
CodeHeap 'profiled nmethods': size=120000Kb used=1734Kb max_used=1734Kb free=118265Kb
 bounds [0x000002c60be80000, 0x000002c60c0f0000, 0x000002c6133b0000]
CodeHeap 'non-nmethods': size=5696Kb used=1117Kb max_used=1140Kb free=4578Kb
 bounds [0x000002c60b8f0000, 0x000002c60bb60000, 0x000002c60be80000]
 total_blobs=1694 nmethods=971 adapters=329
 compilation: enabled
              stopped_count=0, restarted_count=0
 full_count=0

Compilation events (10 events):
Event: 2.416 Thread 0x000002c6205ca000  975 %     4       java.util.AbstractCollection::addAll @ 9 (42 bytes)
Event: 2.425 Thread 0x000002c6217a2000 nmethod 974 0x000002c613413890 code [0x000002c613413ac0, 0x000002c6134146d8]
Event: 2.429 Thread 0x000002c6205ca000 nmethod 975% 0x000002c613414f90 code [0x000002c613415160, 0x000002c613415808]
Event: 2.431 Thread 0x000002c620618000  976 %     3       tp1.Rectangle::<init> @ 35 (115 bytes)
Event: 2.432 Thread 0x000002c620618000 nmethod 976% 0x000002c60c02c510 code [0x000002c60c02c8e0, 0x000002c60c02e6d0]
Event: 2.432 Thread 0x000002c620618000  977       3       tp1.Rectangle::<init> (115 bytes)
Event: 2.433 Thread 0x000002c620618000 nmethod 977 0x000002c60c02f090 code [0x000002c60c02f460, 0x000002c60c031170]
Event: 2.436 Thread 0x000002c6217a2000  978       4       java.util.AbstractCollection::addAll (42 bytes)
Event: 2.448 Thread 0x000002c6217a2000 nmethod 978 0x000002c613415b10 code [0x000002c613415d00, 0x000002c6134163c8]
Event: 2.482 Thread 0x000002c6205ca000  979       4       tp1.Point2d::rotate (168 bytes)

GC Heap History (10 events):
Event: 2.013 GC heap after
{Heap after GC invocations=1 (full 0):
 garbage-first heap   total 98304K, used 2743K [0x00000000a1c00000, 0x0000000100000000)
  region size 1024K, 2 young (2048K), 2 survivors (2048K)
 Metaspace       used 2872K, capacity 5621K, committed 5760K, reserved 1056768K
  class space    used 291K, capacity 576K, committed 640K, reserved 1048576K
}
Event: 2.309 GC heap before
{Heap before GC invocations=1 (full 0):
 garbage-first heap   total 98304K, used 59063K [0x00000000a1c00000, 0x0000000100000000)
  region size 1024K, 57 young (58368K), 2 survivors (2048K)
 Metaspace       used 3019K, capacity 5725K, committed 5760K, reserved 1056768K
  class space    used 311K, capacity 610K, committed 640K, reserved 1048576K
}
Event: 2.321 GC heap after
{Heap after GC invocations=2 (full 0):
 garbage-first heap   total 98304K, used 5359K [0x00000000a1c00000, 0x0000000100000000)
  region size 1024K, 5 young (5120K), 5 survivors (5120K)
 Metaspace       used 3019K, capacity 5725K, committed 5760K, reserved 1056768K
  class space    used 311K, capacity 610K, committed 640K, reserved 1048576K
}
Event: 2.378 GC heap before
{Heap before GC invocations=2 (full 0):
 garbage-first heap   total 98304K, used 58607K [0x00000000a1c00000, 0x0000000100000000)
  region size 1024K, 57 young (58368K), 5 survivors (5120K)
 Metaspace       used 3022K, capacity 5725K, committed 5760K, reserved 1056768K
  class space    used 311K, capacity 610K, committed 640K, reserved 1048576K
}
Event: 2.387 GC heap after
{Heap after GC invocations=3 (full 0):
 garbage-first heap   total 98304K, used 5117K [0x00000000a1c00000, 0x0000000100000000)
  region size 1024K, 3 young (3072K), 3 survivors (3072K)
 Metaspace       used 3022K, capacity 5725K, committed 5760K, reserved 1056768K
  class space    used 311K, capacity 610K, committed 640K, reserved 1048576K
}
Event: 2.457 GC heap before
{Heap before GC invocations=3 (full 0):
 garbage-first heap   total 98304K, used 60413K [0x00000000a1c00000, 0x0000000100000000)
  region size 1024K, 57 young (58368K), 3 survivors (3072K)
 Metaspace       used 3024K, capacity 5725K, committed 5760K, reserved 1056768K
  class space    used 311K, capacity 610K, committed 640K, reserved 1048576K
}
Event: 2.461 GC heap after
{Heap after GC invocations=4 (full 0):
 garbage-first heap   total 98304K, used 6020K [0x00000000a1c00000, 0x0000000100000000)
  region size 1024K, 4 young (4096K), 4 survivors (4096K)
 Metaspace       used 3024K, capacity 5725K, committed 5760K, reserved 1056768K
  class space    used 311K, capacity 610K, committed 640K, reserved 1048576K
}
Event: 2.513 GC heap before
{Heap before GC invocations=4 (full 0):
 garbage-first heap   total 98304K, used 60292K [0x00000000a1c00000, 0x0000000100000000)
  region size 1024K, 57 young (58368K), 4 survivors (4096K)
 Metaspace       used 3024K, capacity 5725K, committed 5760K, reserved 1056768K
  class space    used 311K, capacity 610K, committed 640K, reserved 1048576K
}
Event: 2.523 GC heap after
{Heap after GC invocations=5 (full 0):
 garbage-first heap   total 98304K, used 8670K [0x00000000a1c00000, 0x0000000100000000)
  region size 1024K, 6 young (6144K), 6 survivors (6144K)
 Metaspace       used 3024K, capacity 5725K, committed 5760K, reserved 1056768K
  class space    used 311K, capacity 610K, committed 640K, reserved 1048576K
}
Event: 2.557 GC heap before
{Heap before GC invocations=5 (full 0):
 garbage-first heap   total 98304K, used 60894K [0x00000000a1c00000, 0x0000000100000000)
  region size 1024K, 57 young (58368K), 6 survivors (6144K)
 Metaspace       used 3024K, capacity 5725K, committed 5760K, reserved 1056768K
  class space    used 311K, capacity 610K, committed 640K, reserved 1048576K
}

Deoptimization events (10 events):
Event: 1.651 Thread 0x000002c6034ef000 Uncommon trap: reason=unstable_if action=reinterpret pc=0x000002c6133c4b10 method=java.io.WinNTFileSystem.isSlash(C)Z @ 9 c2
Event: 2.013 Thread 0x000002c6034ef000 Uncommon trap: reason=unstable_if action=reinterpret pc=0x000002c6133c1e80 method=java.lang.StringLatin1.canEncode(I)Z @ 4 c2
Event: 2.014 Thread 0x000002c6034ef000 Uncommon trap: reason=unstable_if action=reinterpret pc=0x000002c6133c2e64 method=java.lang.AbstractStringBuilder.isLatin1()Z @ 10 c2
Event: 2.014 Thread 0x000002c6034ef000 Uncommon trap: reason=unstable_if action=reinterpret pc=0x000002c6133d5d88 method=java.lang.AbstractStringBuilder.isLatin1()Z @ 10 c2
Event: 2.046 Thread 0x000002c6034ef000 Uncommon trap: reason=unstable_if action=reinterpret pc=0x000002c6133bffd4 method=java.lang.StringLatin1.canEncode(I)Z @ 4 c2
Event: 2.051 Thread 0x000002c6034ef000 Uncommon trap: reason=unstable_if action=reinterpret pc=0x000002c6133e1dd0 method=java.lang.Long.stringSize(J)I @ 30 c2
Event: 2.051 Thread 0x000002c6034ef000 Uncommon trap: reason=unstable_if action=reinterpret pc=0x000002c6133e4408 method=java.lang.Long.getChars(JI[B)I @ 175 c2
Event: 2.051 Thread 0x000002c6034ef000 Uncommon trap: reason=unstable_if action=reinterpret pc=0x000002c6133e3294 method=java.lang.Long.stringSize(J)I @ 30 c2
Event: 2.051 Thread 0x000002c6034ef000 Uncommon trap: reason=unstable_if action=reinterpret pc=0x000002c6133e3d98 method=java.lang.Long.stringSize(J)I @ 30 c2
Event: 2.051 Thread 0x000002c6034ef000 Uncommon trap: reason=unstable_if action=reinterpret pc=0x000002c6133e3880 method=java.lang.Long.stringSize(J)I @ 30 c2

Classes redefined (0 events):
No events

Internal exceptions (2 events):
Event: 1.645 Thread 0x000002c6034ef000 Exception <a 'java/lang/ClassNotFoundException'{0x00000000a6f711e0}: javax/smartcardio/CardPermission> (0x00000000a6f711e0) thrown at [t:/workspace/open/src/hotspot/share/classfile/systemDictionary.cpp, line 235]
Event: 1.711 Thread 0x000002c6034ef000 Exception <a 'java/io/FileNotFoundException'{0x00000000a6f7f610}> (0x00000000a6f7f610) thrown at [t:/workspace/open/src/hotspot/share/prims/jni.cpp, line 615]

Events (10 events):
Event: 2.412 Thread 0x000002c6034ef000 DEOPT UNPACKING pc=0x000002c60b9199ce sp=0x000000e791afdef8 mode 0
Event: 2.436 Thread 0x000002c6034ef000 DEOPT PACKING pc=0x000002c60c02a2c1 sp=0x000000e791afeb60
Event: 2.436 Thread 0x000002c6034ef000 DEOPT UNPACKING pc=0x000002c60b9199ce sp=0x000000e791afe000 mode 0
Event: 2.450 Thread 0x000002c6034ef000 DEOPT PACKING pc=0x000002c60c02a2c1 sp=0x000000e791afea20
Event: 2.450 Thread 0x000002c6034ef000 DEOPT UNPACKING pc=0x000002c60b9199ce sp=0x000000e791afdec0 mode 0
Event: 2.457 Executing VM operation: G1CollectForAllocation
Event: 2.461 Executing VM operation: G1CollectForAllocation done
Event: 2.513 Executing VM operation: G1CollectForAllocation
Event: 2.523 Executing VM operation: G1CollectForAllocation done
Event: 2.557 Executing VM operation: G1CollectForAllocation


Dynamic libraries:
0x00007ff739370000 - 0x00007ff73937f000 	C:\Program Files\Java\jdk-12.0.1\bin\java.exe
0x00007fffabad0000 - 0x00007fffabcb1000 	C:\WINDOWS\SYSTEM32\ntdll.dll
0x00007fffab720000 - 0x00007fffab7d1000 	C:\WINDOWS\System32\KERNEL32.DLL
0x00007fffa8020000 - 0x00007fffa8293000 	C:\WINDOWS\System32\KERNELBASE.dll
0x00007fffa8490000 - 0x00007fffa8588000 	C:\WINDOWS\System32\ucrtbase.dll
0x00007fffa5e70000 - 0x00007fffa5e86000 	C:\Program Files\Java\jdk-12.0.1\bin\VCRUNTIME140.dll
0x00007fffa3180000 - 0x00007fffa3198000 	C:\Program Files\Java\jdk-12.0.1\bin\jli.dll
0x00007fffab9b0000 - 0x00007fffaba51000 	C:\WINDOWS\System32\ADVAPI32.dll
0x00007fffab4f0000 - 0x00007fffab58e000 	C:\WINDOWS\System32\msvcrt.dll
0x00007fffab6c0000 - 0x00007fffab71b000 	C:\WINDOWS\System32\sechost.dll
0x00007fffab1e0000 - 0x00007fffab304000 	C:\WINDOWS\System32\RPCRT4.dll
0x00007fffaadd0000 - 0x00007fffaaf60000 	C:\WINDOWS\System32\USER32.dll
0x00007fff9a040000 - 0x00007fff9a2a9000 	C:\WINDOWS\WinSxS\amd64_microsoft.windows.common-controls_6595b64144ccf1df_6.0.17134.1006_none_d3fbb8f77c940c3f\COMCTL32.dll
0x00007fffa7e60000 - 0x00007fffa7e80000 	C:\WINDOWS\System32\win32u.dll
0x00007fffa8f20000 - 0x00007fffa9241000 	C:\WINDOWS\System32\combase.dll
0x00007fffaada0000 - 0x00007fffaadc8000 	C:\WINDOWS\System32\GDI32.dll
0x00007fffa8590000 - 0x00007fffa8721000 	C:\WINDOWS\System32\gdi32full.dll
0x00007fffa8e40000 - 0x00007fffa8eb9000 	C:\WINDOWS\System32\bcryptPrimitives.dll
0x00007fffa7f80000 - 0x00007fffa801f000 	C:\WINDOWS\System32\msvcp_win.dll
0x00007fffa3420000 - 0x00007fffa342a000 	C:\WINDOWS\SYSTEM32\VERSION.dll
0x00007fffab7e0000 - 0x00007fffab80d000 	C:\WINDOWS\System32\IMM32.DLL
0x00007fff8cf60000 - 0x00007fff8d00a000 	C:\Program Files\Java\jdk-12.0.1\bin\msvcp140.dll
0x00007fff6fcb0000 - 0x00007fff70824000 	C:\Program Files\Java\jdk-12.0.1\bin\server\jvm.dll
0x00007fffaaf60000 - 0x00007fffaaf68000 	C:\WINDOWS\System32\PSAPI.DLL
0x00007fffa6960000 - 0x00007fffa6969000 	C:\WINDOWS\SYSTEM32\WSOCK32.dll
0x00007fffa5da0000 - 0x00007fffa5dc3000 	C:\WINDOWS\SYSTEM32\WINMM.dll
0x00007fffab310000 - 0x00007fffab37c000 	C:\WINDOWS\System32\WS2_32.dll
0x00007fffa5d70000 - 0x00007fffa5d9a000 	C:\WINDOWS\SYSTEM32\WINMMBASE.dll
0x00007fffa7e80000 - 0x00007fffa7ec9000 	C:\WINDOWS\System32\cfgmgr32.dll
0x00007fffa7e40000 - 0x00007fffa7e51000 	C:\WINDOWS\System32\kernel.appcore.dll
0x00007fff9ca20000 - 0x00007fff9ca31000 	C:\Program Files\Java\jdk-12.0.1\bin\verify.dll
0x00007fffa6650000 - 0x00007fffa6819000 	C:\WINDOWS\SYSTEM32\DBGHELP.DLL
0x00007fff8d3e0000 - 0x00007fff8d409000 	C:\WINDOWS\SYSTEM32\dbgcore.DLL
0x00007fff98900000 - 0x00007fff98926000 	C:\Program Files\Java\jdk-12.0.1\bin\java.dll
0x00007fffa01e0000 - 0x00007fffa01ee000 	C:\Program Files\Java\jdk-12.0.1\bin\instrument.dll
0x00007fff99330000 - 0x00007fff99347000 	C:\Program Files\Java\jdk-12.0.1\bin\zip.dll
0x00007fffa5e60000 - 0x00007fffa5e6a000 	C:\Program Files\Java\jdk-12.0.1\bin\jimage.dll
0x00007fffa9250000 - 0x00007fffaa692000 	C:\WINDOWS\System32\SHELL32.dll
0x00007fffaab10000 - 0x00007fffaabb9000 	C:\WINDOWS\System32\shcore.dll
0x00007fffa8730000 - 0x00007fffa8e3e000 	C:\WINDOWS\System32\windows.storage.dll
0x00007fffab590000 - 0x00007fffab5e1000 	C:\WINDOWS\System32\shlwapi.dll
0x00007fffa7db0000 - 0x00007fffa7dcf000 	C:\WINDOWS\System32\profapi.dll
0x00007fffa7df0000 - 0x00007fffa7e3c000 	C:\WINDOWS\System32\powrprof.dll
0x00007fffa7da0000 - 0x00007fffa7daa000 	C:\WINDOWS\System32\FLTLIB.DLL
0x00007fff992a0000 - 0x00007fff992b9000 	C:\Program Files\Java\jdk-12.0.1\bin\net.dll
0x00007fffa1680000 - 0x00007fffa184a000 	C:\WINDOWS\SYSTEM32\urlmon.dll
0x00007fff9db80000 - 0x00007fff9dc5d000 	C:\WINDOWS\SYSTEM32\WINHTTP.dll
0x00007fff9c4e0000 - 0x00007fff9c787000 	C:\WINDOWS\SYSTEM32\iertutil.dll
0x00007fffa77f0000 - 0x00007fffa77fb000 	C:\WINDOWS\SYSTEM32\CRYPTBASE.DLL
0x00007fffa7620000 - 0x00007fffa7686000 	C:\WINDOWS\system32\mswsock.dll
0x00007fff988e0000 - 0x00007fff988f3000 	C:\Program Files\Java\jdk-12.0.1\bin\nio.dll
0x00007fff986b0000 - 0x00007fff986ca000 	C:\Program Files\JetBrains\IntelliJ IDEA 2019.2.2\bin\breakgen64.dll

dbghelp: loaded successfully - version: 4.0.5 - missing functions: none
symbol engine: initialized successfully - sym options: 0x614 - pdb path: .;C:\Program Files\Java\jdk-12.0.1\bin;C:\WINDOWS\SYSTEM32;C:\WINDOWS\WinSxS\amd64_microsoft.windows.common-controls_6595b64144ccf1df_6.0.17134.1006_none_d3fbb8f77c940c3f;C:\Program Files\Java\jdk-12.0.1\bin\server;C:\Program Files\JetBrains\IntelliJ IDEA 2019.2.2\bin

VM Arguments:
jvm_args: -javaagent:C:\Program Files\JetBrains\IntelliJ IDEA 2019.2.2\lib\idea_rt.jar=64794:C:\Program Files\JetBrains\IntelliJ IDEA 2019.2.2\bin -Dfile.encoding=UTF-8 
java_command: tp1.Main
java_class_path (initial): C:\Users\User\Desktop\1ere Année\INF210\TP1\out\production\corrige;C:\Users\User\Desktop\1ere Année\INF210\TP1\ejml\ejml-core-0.38.jar;C:\Users\User\Desktop\1ere Année\INF210\TP1\ejml\ejml-cdense-0.38.jar;C:\Users\User\Desktop\1ere Année\INF210\TP1\ejml\ejml-ddense-0.38.jar;C:\Users\User\Desktop\1ere Année\INF210\TP1\ejml\ejml-fdense-0.38.jar;C:\Users\User\Desktop\1ere Année\INF210\TP1\ejml\ejml-simple-0.38.jar;C:\Users\User\Desktop\1ere Année\INF210\TP1\ejml\ejml-zdense-0.38.jar;C:\Users\User\Desktop\1ere Année\INF210\TP1\ejml\ejml-dsparse-0.38.jar;C:\Users\User\Desktop\1ere Année\INF210\TP1\ejml\ejml-core-0.38-sources.jar;C:\Users\User\Desktop\1ere Année\INF210\TP1\ejml\ejml-experimental-0.38.jar;C:\Users\User\Desktop\1ere Année\INF210\TP1\ejml\ejml-cdense-0.38-sources.jar;C:\Users\User\Desktop\1ere Année\INF210\TP1\ejml\ejml-ddense-0.38-sources.jar;C:\Users\User\Desktop\1ere Année\INF210\TP1\ejml\ejml-fdense-0.38-sources.jar;C:\Users\User\Desktop\1ere Année\INF210\TP1\ejml\ejml-simple-0.38-sources.jar;C:\Users\User\Desktop\1ere Année\INF210\TP1\ejml\ejml-zdense-0.38-sources.jar;C:\Users\User\Desktop\1ere Année\INF210\TP1\ejml\ejml-dsparse-0.38-sources.jar;C:\Users\User\Desktop\1ere Année\INF210\TP1\ejml\ejml-experimental-0.38-sources.jar;C:\Users\User\Desktop\1ere Année\INF210\TP1\Tess4J\jna-4.1.0.jar;C:\Users\User\Desktop\1ere Année\INF210\TP1\Tess4J\junit-4.12.jar;C:\Users\User\Desktop\1ere Année\INF210\TP1\Tess4J\itext-2.1.7.jar;C:\Users\User\Desktop\1ere Année\INF210\TP1\Tess4J\lept4j-1.6.4.jar;C:\Users\User\Desktop\1ere Année\INF210\TP1\Tess4J\log4j-1.2.17.jar;C:\Users\User\Desktop\1ere Année\INF210\TP1\Tess4J\pdfbox-2.0.9.jar;C:\Users\User\Desktop\1ere Année\INF210\TP1\Tess4J\tess4j-3.4.8.jar;C:\Users\User\Desktop\1ere Année\INF210\TP1\Tess4J\fontbox-2.0.9.jar;C:\Users\User\Desktop\1ere Année\INF210\TP1\Tess4J\ghost4j-1.0.1.jar;C:\Users\User\Desktop\1ere Année\INF210\TP1\Tess4J\commons-io-2.6.jar;C:\Users\User\Desktop\1ere Année
Launcher Type: SUN_STANDARD

[Global flags]
     intx CICompilerCount                          = 3                                         {product} {ergonomic}
     uint ConcGCThreads                            = 1                                         {product} {ergonomic}
     uint G1ConcRefinementThreads                  = 4                                         {product} {ergonomic}
   size_t G1HeapRegionSize                         = 1048576                                   {product} {ergonomic}
    uintx GCDrainStackTargetSize                   = 64                                        {product} {ergonomic}
   size_t InitialHeapSize                          = 100663296                                 {product} {ergonomic}
   size_t MarkStackSize                            = 4194304                                   {product} {ergonomic}
   size_t MaxHeapSize                              = 1581252608                                {product} {ergonomic}
   size_t MaxNewSize                               = 947912704                                 {product} {ergonomic}
   size_t MinHeapDeltaBytes                        = 1048576                                   {product} {ergonomic}
    uintx NonNMethodCodeHeapSize                   = 5830732                                {pd product} {ergonomic}
    uintx NonProfiledCodeHeapSize                  = 122913754                              {pd product} {ergonomic}
    uintx ProfiledCodeHeapSize                     = 122913754                              {pd product} {ergonomic}
    uintx ReservedCodeCacheSize                    = 251658240                              {pd product} {ergonomic}
     bool SegmentedCodeCache                       = true                                      {product} {ergonomic}
     bool UseCompressedClassPointers               = true                                 {lp64_product} {ergonomic}
     bool UseCompressedOops                        = true                                 {lp64_product} {ergonomic}
     bool UseG1GC                                  = true                                      {product} {ergonomic}
     bool UseLargePagesIndividualAllocation        = false                                  {pd product} {ergonomic}

Logging:
Log output configuration:
 #0: stdout all=warning uptime,level,tags
 #1: stderr all=off uptime,level,tags

Environment Variables:
PATH=C:\Python27\;C:\Python27\Scripts;C:\ProgramData\Boxstarter;C:\ProgramData\Anaconda3;C:\ProgramData\Anaconda3\Library\mingw-w64\bin;C:\ProgramData\Anaconda3\Library\usr\bin;C:\ProgramData\Anaconda3\Library\bin;C:\ProgramData\Anaconda3\Scripts;C:\ProgramData\Oracle\Java\javapath;C:\Windows\system32;C:\Windows;C:\Windows\System32\Wbem;C:\Windows\System32\WindowsPowerShell\v1.0\;C:\Program Files (x86)\Windows Kits\8.1\Windows Performance Toolkit\;C:\Program Files (x86)\IVI Foundation\VISA\WinNT\Bin;C:\WINDOWS\system32;C:\WINDOWS;C:\WINDOWS\System32\Wbem;C:\WINDOWS\System32\WindowsPowerShell\v1.0\;C:\WINDOWS\System32\OpenSSH\;C:\Program Files\Microsoft SQL Server\Client SDK\ODBC\110\Tools\Binn\;C:\Program Files (x86)\Microsoft SQL Server\120\Tools\Binn\;C:\Program Files\Microsoft SQL Server\120\Tools\Binn\;C:\Program Files\Microsoft SQL Server\120\DTS\Binn\;C:\Program Files\nodejs\;C:\ProgramData\chocolatey\bin;C:\Program Files\Git\cmd;C:\Program Files\dotnet\;C:\Users\User\Anaconda3;C:\Users\User\Anaconda3\Library\mingw-w64\bin;C:\Users\User\Anaconda3\Library\usr\bin;C:\Users\User\Anaconda3\Library\bin;C:\Users\User\Anaconda3\Scripts;C:\Program Files\Microsoft VS Code\bin;C:\Users\User\AppData\Local\Microsoft\WindowsApps;C:\Users\User\AppData\Roaming\npm;C:\Users\User\AppData\Local\Programs\Microsoft VS Code\bin;C:\Users\User\Documents\cmake-3.15.0-rc3-win64-x64\bin;
USERNAME=User
OS=Windows_NT
PROCESSOR_IDENTIFIER=Intel64 Family 6 Model 142 Stepping 9, GenuineIntel



---------------  S Y S T E M  ---------------

OS: Windows 10 , 64 bit Build 17134 (10.0.17134.753)

CPU:total 4 (initial active 4) (2 cores per cpu, 2 threads per core) family 6 model 142 stepping 9, cmov, cx8, fxsr, mmx, sse, sse2, sse3, ssse3, sse4.1, sse4.2, popcnt, avx, avx2, aes, clmul, erms, 3dnowpref, lzcnt, ht, tsc, tscinvbit, bmi1, bmi2, adx, fma

Memory: 4k page, system-wide physical 6025M (1048M free)
TotalPageFile size 7674M (AvailPageFile size 15M)
current process WorkingSet (physical memory assigned to process): 113M, peak: 113M
current process commit charge ("private bytes"): 175M, peak: 195M

vm_info: Java HotSpot(TM) 64-Bit Server VM (12.0.1+12) for windows-amd64 JRE (12.0.1+12), built on Apr  2 2019 14:02:19 by "mach5one" with MS VC++ 15.5 (VS2017)

END.
